Frame(214x8, [x.a:int64_t, x.b:int64_t, x.c:int64_t, a:int64_t, b:int64_t, c:int64_t, z.a:int64_t, z.b:int64_t])
1 1 1 34 1 243 1 1
1 1 1 161 1 6 1 1
1 1 1 197 1 233 1 1
1 1 1 507 1 255 1 1
1 1 1 659 1 31 1 1
1 1 1 666 1 285 1 1
1 1 1 669 1 120 1 1
1 1 1 718 1 166 1 1
1 1 1 746 1 43 1 1
1 1 1 773 1 61 1 1
1 1 1 865 1 120 1 1
1 1 1 885 1 179 1 1
1 1 1 912 1 289 1 1
1 1 1 976 1 286 1 1
1 1 1 1096 1 256 1 1
1 1 1 1319 1 54 1 1
1 1 1 1321 1 213 1 1
1 1 1 1341 1 110 1 1
1 1 1 1375 1 298 1 1
1 1 1 1399 1 10 1 1
1 1 1 1470 1 284 1 1
1 1 1 1494 1 200 1 1
1 1 1 1591 1 172 1 1
1 1 1 1689 1 176 1 1
1 1 1 1702 1 93 1 1
1 1 1 1776 1 106 1 1
1 1 1 1875 1 164 1 1
1 1 1 2005 1 213 1 1
1 1 1 2255 1 122 1 1
1 1 1 2359 1 55 1 1
1 1 1 2418 1 74 1 1
1 1 1 2425 1 209 1 1
1 1 1 2430 1 103 1 1
1 1 1 2709 1 271 1 1
1 1 1 2720 1 23 1 1
1 1 1 2923 1 102 1 1
1 1 1 3049 1 247 1 1
1 1 1 3085 1 252 1 1
1 1 1 3113 1 81 1 1
1 1 1 3135 1 172 1 1
1 1 1 3468 1 49 1 1
1 1 1 3544 1 243 1 1
1 1 1 3701 1 60 1 1
1 1 1 3752 1 205 1 1
1 1 1 3786 1 232 1 1
1 1 1 3903 1 89 1 1
1 1 1 4033 1 85 1 1
1 1 1 4053 1 226 1 1
1 1 1 4122 1 144 1 1
1 1 1 4159 1 250 1 1
1 1 1 4251 1 127 1 1
1 1 1 4351 1 140 1 1
1 1 1 4394 1 136 1 1
1 1 1 4455 1 116 1 1
1 1 1 4490 1 112 1 1
1 1 1 4573 1 76 1 1
1 1 1 4582 1 277 1 1
1 1 1 4613 1 36 1 1
1 1 1 4625 1 166 1 1
1 1 1 4641 1 110 1 1
1 1 1 4772 1 11 1 1
1 1 1 4824 1 105 1 1
1 1 1 4862 1 84 1 1
1 1 1 5040 1 137 1 1
1 1 1 5072 1 288 1 1
1 1 1 5299 1 81 1 1
1 1 1 5314 1 90 1 1
1 1 1 5429 1 67 1 1
1 1 1 5438 1 200 1 1
1 1 1 5814 1 114 1 1
1 1 1 5947 1 156 1 1
1 1 1 6103 1 46 1 1
1 1 1 6104 1 217 1 1
1 1 1 6124 1 294 1 1
1 1 1 6127 1 185 1 1
1 1 1 6144 1 185 1 1
1 1 1 6208 1 221 1 1
1 1 1 6253 1 69 1 1
1 1 1 6416 1 141 1 1
1 1 1 6629 1 112 1 1
1 1 1 6708 1 181 1 1
1 1 1 6867 1 6 1 1
1 1 1 6957 1 260 1 1
1 1 1 7110 1 56 1 1
1 1 1 7158 1 87 1 1
1 1 1 7286 1 150 1 1
1 1 1 7414 1 138 1 1
1 1 1 7434 1 63 1 1
1 1 1 7435 1 100 1 1
1 1 1 7598 1 85 1 1
1 1 1 7638 1 237 1 1
1 1 1 7763 1 289 1 1
1 1 1 7787 1 135 1 1
1 1 1 7825 1 299 1 1
1 1 1 7858 1 42 1 1
1 1 1 8138 1 100 1 1
1 1 1 8363 1 264 1 1
1 1 1 8395 1 95 1 1
1 1 1 8439 1 282 1 1
1 1 1 8493 1 218 1 1
1 1 1 8599 1 54 1 1
1 1 1 8611 1 146 1 1
1 1 1 8901 1 154 1 1
1 1 1 8975 1 137 1 1
1 1 1 9238 1 242 1 1
1 1 1 9272 1 117 1 1
1 1 1 9364 1 225 1 1
1 1 1 9470 1 46 1 1
1 1 1 9688 1 86 1 1
2 2 2 155 2 190 2 2
2 2 2 215 2 47 2 2
2 2 2 309 2 141 2 2
2 2 2 499 2 124 2 2
2 2 2 520 2 229 2 2
2 2 2 561 2 139 2 2
2 2 2 562 2 19 2 2
2 2 2 710 2 181 2 2
2 2 2 727 2 63 2 2
2 2 2 896 2 70 2 2
2 2 2 907 2 290 2 2
2 2 2 910 2 128 2 2
2 2 2 955 2 267 2 2
2 2 2 1083 2 14 2 2
2 2 2 1136 2 218 2 2
2 2 2 1352 2 94 2 2
2 2 2 1579 2 197 2 2
2 2 2 1658 2 288 2 2
2 2 2 1672 2 283 2 2
2 2 2 1777 2 276 2 2
2 2 2 1790 2 227 2 2
2 2 2 1919 2 74 2 2
2 2 2 1980 2 24 2 2
2 2 2 2002 2 60 2 2
2 2 2 2080 2 102 2 2
2 2 2 2124 2 139 2 2
2 2 2 2249 2 277 2 2
2 2 2 2278 2 34 2 2
2 2 2 2390 2 165 2 2
2 2 2 2403 2 129 2 2
2 2 2 2596 2 45 2 2
2 2 2 2889 2 269 2 2
2 2 2 3008 2 33 2 2
2 2 2 3097 2 285 2 2
2 2 2 3161 2 30 2 2
2 2 2 3243 2 108 2 2
2 2 2 3247 2 191 2 2
2 2 2 3398 2 68 2 2
2 2 2 3399 2 298 2 2
2 2 2 3477 2 176 2 2
2 2 2 3641 2 153 2 2
2 2 2 3785 2 166 2 2
2 2 2 3848 2 57 2 2
2 2 2 3875 2 286 2 2
2 2 2 4250 2 107 2 2
2 2 2 4514 2 251 2 2
2 2 2 4579 2 208 2 2
2 2 2 4598 2 283 2 2
2 2 2 4692 2 284 2 2
2 2 2 5043 2 153 2 2
2 2 2 5148 2 145 2 2
2 2 2 5352 2 259 2 2
2 2 2 5365 2 170 2 2
2 2 2 5638 2 18 2 2
2 2 2 5691 2 159 2 2
2 2 2 5845 2 196 2 2
2 2 2 5852 2 191 2 2
2 2 2 5895 2 218 2 2
2 2 2 5911 2 67 2 2
2 2 2 6014 2 65 2 2
2 2 2 6028 2 283 2 2
2 2 2 6096 2 177 2 2
2 2 2 6134 2 16 2 2
2 2 2 6447 2 102 2 2
2 2 2 6464 2 122 2 2
2 2 2 6557 2 120 2 2
2 2 2 6622 2 90 2 2
2 2 2 6630 2 296 2 2
2 2 2 6735 2 41 2 2
2 2 2 6813 2 50 2 2
2 2 2 6892 2 2 2 2
2 2 2 6919 2 299 2 2
2 2 2 6938 2 80 2 2
2 2 2 6941 2 283 2 2
2 2 2 6959 2 114 2 2
2 2 2 6999 2 148 2 2
2 2 2 7032 2 119 2 2
2 2 2 7280 2 173 2 2
2 2 2 7344 2 125 2 2
2 2 2 7389 2 265 2 2
2 2 2 7397 2 104 2 2
2 2 2 7753 2 271 2 2
2 2 2 7811 2 166 2 2
2 2 2 7899 2 234 2 2
2 2 2 7985 2 219 2 2
2 2 2 8163 2 52 2 2
2 2 2 8178 2 279 2 2
2 2 2 8246 2 90 2 2
2 2 2 8458 2 226 2 2
2 2 2 8498 2 132 2 2
2 2 2 8746 2 93 2 2
2 2 2 8800 2 77 2 2
2 2 2 8844 2 111 2 2
2 2 2 8972 2 201 2 2
2 2 2 8997 2 267 2 2
2 2 2 9005 2 96 2 2
2 2 2 9289 2 261 2 2
2 2 2 9311 2 48 2 2
2 2 2 9315 2 84 2 2
2 2 2 9486 2 160 2 2
2 2 2 9565 2 170 2 2
2 2 2 9588 2 59 2 2
2 2 2 9610 2 271 2 2
2 2 2 9628 2 69 2 2
2 2 2 9949 2 224 2 2
